<?xml version="1.0" encoding="UTF-8"?>
<!-- Generated by org.testng.reporters.JUnitReportReporter -->
<testsuite hostname="FFE-Pavaman-FFE167" failures="0" tests="1" name="com.test.testscript.DemoMaven" time="0.029" errors="0" timestamp="2024-09-01T10:43:16 IST" skipped="0">
  <testcase classname="com.test.testscript.DemoMaven" name="mod1" time="0.029">
    <system-out>
      <![CDATA[Mod1]]>
    </system-out>
  </testcase> <!-- mod1 -->
  <system-out>
    <![CDATA[Mod1]]>
  </system-out>
</testsuite> <!-- com.test.testscript.DemoMaven -->
